<?xml version="1.0" encoding="UTF-8"?>
<!-- Generated by org.testng.reporters.JUnitXMLReporter -->
<testsuite ignored="0" hostname="abhijain04" failures="1" tests="1" name="Test" time="5.316" errors="0" timestamp="2023-07-26T12:35:53 CEST">
  <testcase classname="com.store.testcases.searchProduct" name="searchTheProduct" time="2.507">
    <failure type="java.lang.AssertionError" message="expected [true] but found [false]">
      <![CDATA[java.lang.AssertionError: expected [true] but found [false]
at com.store.testcases.searchProduct.searchTheProduct(searchProduct.java:38)
at java.base/java.util.ArrayList.forEach(ArrayList.java:1511)
... Removed 31 stack frames]]>
    </failure>
  </testcase> <!-- searchTheProduct -->
</testsuite> <!-- Test -->
